Running from: /home/ubuntu/Trend/jenkins.war
webroot: /home/ubuntu/.jenkins/war
2026-02-03 19:18:12.757+0000 [id=1]	INFO	winstone.Logger#logInternal: Beginning extraction from war file
2026-02-03 19:18:13.832+0000 [id=1]	WARNING	o.e.j.s.handler.ContextHandler#setContextPath: Empty contextPath
2026-02-03 19:18:13.911+0000 [id=1]	INFO	org.eclipse.jetty.server.Server#doStart: jetty-10.0.17; built: 2023-10-02T04:04:10.314Z; git: a0f5f05abaa6c3aabb7c3d35f10a6f412ab8b05f; jvm 17.0.18+8-Ubuntu-124.04.1
2026-02-03 19:18:13.956+0000 [id=1]	INFO	org.eclipse.jetty.server.Server#doStop: Stopped Server@df6620a{STOPPING}[10.0.17,sto=0]
2026-02-03 19:18:13.956+0000 [id=1]	INFO	winstone.Logger#logInternal: Jetty shutdown successfully
java.io.IOException: Failed to start Jetty
	at winstone.Launcher.<init>(Launcher.java:209)
	at winstone.Launcher.main(Launcher.java:496)
	at java.base/jdk.internal.reflect.NativeMethodAccessorImpl.invoke0(Native Method)
	at java.base/jdk.internal.reflect.NativeMethodAccessorImpl.invoke(NativeMethodAccessorImpl.java:77)
	at java.base/jdk.internal.reflect.DelegatingMethodAccessorImpl.invoke(DelegatingMethodAccessorImpl.java:43)
	at java.base/java.lang.reflect.Method.invoke(Method.java:569)
	at executable.Main.main(Main.java:347)
Caused by: java.io.IOException: Failed to bind to 0.0.0.0/0.0.0.0:8080
	at org.eclipse.jetty.server.ServerConnector.openAcceptChannel(ServerConnector.java:344)
	at org.eclipse.jetty.server.ServerConnector.open(ServerConnector.java:304)
	at org.eclipse.jetty.server.Server.lambda$doStart$0(Server.java:402)
	at java.base/java.util.stream.ForEachOps$ForEachOp$OfRef.accept(ForEachOps.java:183)
	at java.base/java.util.stream.ReferencePipeline$3$1.accept(ReferencePipeline.java:197)
	at java.base/java.util.stream.ReferencePipeline$2$1.accept(ReferencePipeline.java:179)
	at java.base/java.util.Spliterators$ArraySpliterator.forEachRemaining(Spliterators.java:992)
	at java.base/java.util.stream.AbstractPipeline.copyInto(AbstractPipeline.java:509)
	at java.base/java.util.stream.AbstractPipeline.wrapAndCopyInto(AbstractPipeline.java:499)
	at java.base/java.util.stream.ForEachOps$ForEachOp.evaluateSequential(ForEachOps.java:150)
	at java.base/java.util.stream.ForEachOps$ForEachOp$OfRef.evaluateSequential(ForEachOps.java:173)
	at java.base/java.util.stream.AbstractPipeline.evaluate(AbstractPipeline.java:234)
	at java.base/java.util.stream.ReferencePipeline.forEach(ReferencePipeline.java:596)
	at org.eclipse.jetty.server.Server.doStart(Server.java:398)
	at org.eclipse.jetty.util.component.AbstractLifeCycle.start(AbstractLifeCycle.java:93)
	at winstone.Launcher.<init>(Launcher.java:205)
	... 6 more
Caused by: java.net.BindException: Address already in use
	at java.base/sun.nio.ch.Net.bind0(Native Method)
	at java.base/sun.nio.ch.Net.bind(Net.java:567)
	at java.base/sun.nio.ch.ServerSocketChannelImpl.netBind(ServerSocketChannelImpl.java:337)
	at java.base/sun.nio.ch.ServerSocketChannelImpl.bind(ServerSocketChannelImpl.java:294)
	at org.eclipse.jetty.server.ServerConnector.openAcceptChannel(ServerConnector.java:339)
	... 21 more
2026-02-03 19:18:13.957+0000 [id=1]	SEVERE	winstone.Logger#logInternal: Container startup failed
java.net.BindException: Address already in use
	at java.base/sun.nio.ch.Net.bind0(Native Method)
	at java.base/sun.nio.ch.Net.bind(Net.java:567)
	at java.base/sun.nio.ch.ServerSocketChannelImpl.netBind(ServerSocketChannelImpl.java:337)
	at java.base/sun.nio.ch.ServerSocketChannelImpl.bind(ServerSocketChannelImpl.java:294)
	at org.eclipse.jetty.server.ServerConnector.openAcceptChannel(ServerConnector.java:339)
Caused: java.io.IOException: Failed to bind to 0.0.0.0/0.0.0.0:8080
	at org.eclipse.jetty.server.ServerConnector.openAcceptChannel(ServerConnector.java:344)
	at org.eclipse.jetty.server.ServerConnector.open(ServerConnector.java:304)
	at org.eclipse.jetty.server.Server.lambda$doStart$0(Server.java:402)
	at java.base/java.util.stream.ForEachOps$ForEachOp$OfRef.accept(ForEachOps.java:183)
	at java.base/java.util.stream.ReferencePipeline$3$1.accept(ReferencePipeline.java:197)
	at java.base/java.util.stream.ReferencePipeline$2$1.accept(ReferencePipeline.java:179)
	at java.base/java.util.Spliterators$ArraySpliterator.forEachRemaining(Spliterators.java:992)
	at java.base/java.util.stream.AbstractPipeline.copyInto(AbstractPipeline.java:509)
	at java.base/java.util.stream.AbstractPipeline.wrapAndCopyInto(AbstractPipeline.java:499)
	at java.base/java.util.stream.ForEachOps$ForEachOp.evaluateSequential(ForEachOps.java:150)
	at java.base/java.util.stream.ForEachOps$ForEachOp$OfRef.evaluateSequential(ForEachOps.java:173)
	at java.base/java.util.stream.AbstractPipeline.evaluate(AbstractPipeline.java:234)
	at java.base/java.util.stream.ReferencePipeline.forEach(ReferencePipeline.java:596)
	at org.eclipse.jetty.server.Server.doStart(Server.java:398)
	at org.eclipse.jetty.util.component.AbstractLifeCycle.start(AbstractLifeCycle.java:93)
	at winstone.Launcher.<init>(Launcher.java:205)
Caused: java.io.IOException: Failed to start Jetty
	at winstone.Launcher.<init>(Launcher.java:209)
	at winstone.Launcher.main(Launcher.java:496)
	at java.base/jdk.internal.reflect.NativeMethodAccessorImpl.invoke0(Native Method)
	at java.base/jdk.internal.reflect.NativeMethodAccessorImpl.invoke(NativeMethodAccessorImpl.java:77)
	at java.base/jdk.internal.reflect.DelegatingMethodAccessorImpl.invoke(DelegatingMethodAccessorImpl.java:43)
	at java.base/java.lang.reflect.Method.invoke(Method.java:569)
	at executable.Main.main(Main.java:347)
Running from: /home/ubuntu/Trend/jenkins.war
webroot: /home/ubuntu/.jenkins/war
2026-02-05 10:00:48.101+0000 [id=1]	INFO	winstone.Logger#logInternal: Beginning extraction from war file
2026-02-05 10:00:48.259+0000 [id=1]	WARNING	o.e.j.s.handler.ContextHandler#setContextPath: Empty contextPath
2026-02-05 10:00:48.341+0000 [id=1]	INFO	org.eclipse.jetty.server.Server#doStart: jetty-10.0.17; built: 2023-10-02T04:04:10.314Z; git: a0f5f05abaa6c3aabb7c3d35f10a6f412ab8b05f; jvm 17.0.18+8-Ubuntu-124.04.1
2026-02-05 10:00:48.385+0000 [id=1]	INFO	org.eclipse.jetty.server.Server#doStop: Stopped Server@4d339552{STOPPING}[10.0.17,sto=0]
2026-02-05 10:00:48.385+0000 [id=1]	INFO	winstone.Logger#logInternal: Jetty shutdown successfully
java.io.IOException: Failed to start Jetty
	at winstone.Launcher.<init>(Launcher.java:209)
	at winstone.Launcher.main(Launcher.java:496)
	at java.base/jdk.internal.reflect.NativeMethodAccessorImpl.invoke0(Native Method)
	at java.base/jdk.internal.reflect.NativeMethodAccessorImpl.invoke(NativeMethodAccessorImpl.java:77)
	at java.base/jdk.internal.reflect.DelegatingMethodAccessorImpl.invoke(DelegatingMethodAccessorImpl.java:43)
	at java.base/java.lang.reflect.Method.invoke(Method.java:569)
	at executable.Main.main(Main.java:347)
Caused by: java.io.IOException: Failed to bind to 0.0.0.0/0.0.0.0:8080
	at org.eclipse.jetty.server.ServerConnector.openAcceptChannel(ServerConnector.java:344)
	at org.eclipse.jetty.server.ServerConnector.open(ServerConnector.java:304)
	at org.eclipse.jetty.server.Server.lambda$doStart$0(Server.java:402)
	at java.base/java.util.stream.ForEachOps$ForEachOp$OfRef.accept(ForEachOps.java:183)
	at java.base/java.util.stream.ReferencePipeline$3$1.accept(ReferencePipeline.java:197)
	at java.base/java.util.stream.ReferencePipeline$2$1.accept(ReferencePipeline.java:179)
	at java.base/java.util.Spliterators$ArraySpliterator.forEachRemaining(Spliterators.java:992)
	at java.base/java.util.stream.AbstractPipeline.copyInto(AbstractPipeline.java:509)
	at java.base/java.util.stream.AbstractPipeline.wrapAndCopyInto(AbstractPipeline.java:499)
	at java.base/java.util.stream.ForEachOps$ForEachOp.evaluateSequential(ForEachOps.java:150)
	at java.base/java.util.stream.ForEachOps$ForEachOp$OfRef.evaluateSequential(ForEachOps.java:173)
	at java.base/java.util.stream.AbstractPipeline.evaluate(AbstractPipeline.java:234)
	at java.base/java.util.stream.ReferencePipeline.forEach(ReferencePipeline.java:596)
	at org.eclipse.jetty.server.Server.doStart(Server.java:398)
	at org.eclipse.jetty.util.component.AbstractLifeCycle.start(AbstractLifeCycle.java:93)
	at winstone.Launcher.<init>(Launcher.java:205)
	... 6 more
Caused by: java.net.BindException: Address already in use
	at java.base/sun.nio.ch.Net.bind0(Native Method)
	at java.base/sun.nio.ch.Net.bind(Net.java:567)
	at java.base/sun.nio.ch.ServerSocketChannelImpl.netBind(ServerSocketChannelImpl.java:337)
	at java.base/sun.nio.ch.ServerSocketChannelImpl.bind(ServerSocketChannelImpl.java:294)
	at org.eclipse.jetty.server.ServerConnector.openAcceptChannel(ServerConnector.java:339)
	... 21 more
2026-02-05 10:00:48.386+0000 [id=1]	SEVERE	winstone.Logger#logInternal: Container startup failed
java.net.BindException: Address already in use
	at java.base/sun.nio.ch.Net.bind0(Native Method)
	at java.base/sun.nio.ch.Net.bind(Net.java:567)
	at java.base/sun.nio.ch.ServerSocketChannelImpl.netBind(ServerSocketChannelImpl.java:337)
	at java.base/sun.nio.ch.ServerSocketChannelImpl.bind(ServerSocketChannelImpl.java:294)
	at org.eclipse.jetty.server.ServerConnector.openAcceptChannel(ServerConnector.java:339)
Caused: java.io.IOException: Failed to bind to 0.0.0.0/0.0.0.0:8080
	at org.eclipse.jetty.server.ServerConnector.openAcceptChannel(ServerConnector.java:344)
	at org.eclipse.jetty.server.ServerConnector.open(ServerConnector.java:304)
	at org.eclipse.jetty.server.Server.lambda$doStart$0(Server.java:402)
	at java.base/java.util.stream.ForEachOps$ForEachOp$OfRef.accept(ForEachOps.java:183)
	at java.base/java.util.stream.ReferencePipeline$3$1.accept(ReferencePipeline.java:197)
	at java.base/java.util.stream.ReferencePipeline$2$1.accept(ReferencePipeline.java:179)
	at java.base/java.util.Spliterators$ArraySpliterator.forEachRemaining(Spliterators.java:992)
	at java.base/java.util.stream.AbstractPipeline.copyInto(AbstractPipeline.java:509)
	at java.base/java.util.stream.AbstractPipeline.wrapAndCopyInto(AbstractPipeline.java:499)
	at java.base/java.util.stream.ForEachOps$ForEachOp.evaluateSequential(ForEachOps.java:150)
	at java.base/java.util.stream.ForEachOps$ForEachOp$OfRef.evaluateSequential(ForEachOps.java:173)
	at java.base/java.util.stream.AbstractPipeline.evaluate(AbstractPipeline.java:234)
	at java.base/java.util.stream.ReferencePipeline.forEach(ReferencePipeline.java:596)
	at org.eclipse.jetty.server.Server.doStart(Server.java:398)
	at org.eclipse.jetty.util.component.AbstractLifeCycle.start(AbstractLifeCycle.java:93)
	at winstone.Launcher.<init>(Launcher.java:205)
Caused: java.io.IOException: Failed to start Jetty
	at winstone.Launcher.<init>(Launcher.java:209)
	at winstone.Launcher.main(Launcher.java:496)
	at java.base/jdk.internal.reflect.NativeMethodAccessorImpl.invoke0(Native Method)
	at java.base/jdk.internal.reflect.NativeMethodAccessorImpl.invoke(NativeMethodAccessorImpl.java:77)
	at java.base/jdk.internal.reflect.DelegatingMethodAccessorImpl.invoke(DelegatingMethodAccessorImpl.java:43)
	at java.base/java.lang.reflect.Method.invoke(Method.java:569)
	at executable.Main.main(Main.java:347)
